
*** Running vivado
    with args -log mips_multi_top.vds -m64 -product Vivado -mode batch -messageDb vivado.pb -notrace -source mips_multi_top.tcl



****** Vivado v2020.2 (64-bit)
  **** SW Build 3064766 on Wed Nov 18 09:12:45 MST 2020
  **** IP Build 3064653 on Wed Nov 18 14:17:31 MST 2020
    ** Copyright 1986-2020 Xilinx, Inc. All Rights Reserved.

source mips_multi_top.tcl -notrace
Command: synth_design -top mips_multi_top -part xc7a100tcsg324-1
Starting synth_design
Attempting to get a license for feature 'Synthesis' and/or device 'xc7a100t'
INFO: [Common 17-349] Got license for feature 'Synthesis' and/or device 'xc7a100t'
INFO: [Synth 8-7079] Multithreading enabled for synth_design using a maximum of 2 processes.
INFO: [Synth 8-7078] Launching helper process for spawning children vivado processes
INFO: [Synth 8-7075] Helper process launched with PID 18052
---------------------------------------------------------------------------------
Starting Synthesize : Time (s): cpu = 00:00:05 ; elapsed = 00:00:05 . Memory (MB): peak = 1088.477 ; gain = 0.000
---------------------------------------------------------------------------------
INFO: [Synth 8-6157] synthesizing module 'mips_multi_top' [C:/Users/labella/Downloads/mips_L_multi-main/sv/mips_multi_top.sv:11]
INFO: [Synth 8-6157] synthesizing module 'mips_multi' [C:/Users/labella/Downloads/mips_L_multi-main/sv/mips_multi.sv:11]
INFO: [Synth 8-6157] synthesizing module 'controller' [C:/Users/labella/Downloads/mips_L_multi-main/sv/controller.sv:1]
INFO: [Synth 8-6157] synthesizing module 'maindec' [C:/Users/labella/Downloads/mips_L_multi-main/sv/maindec.sv:23]
INFO: [Synth 8-6155] done synthesizing module 'maindec' (1#1) [C:/Users/labella/Downloads/mips_L_multi-main/sv/maindec.sv:23]
INFO: [Synth 8-6157] synthesizing module 'aludec' [C:/Users/labella/Downloads/mips_L_multi-main/sv/aludec.sv:8]
INFO: [Synth 8-6155] done synthesizing module 'aludec' (2#1) [C:/Users/labella/Downloads/mips_L_multi-main/sv/aludec.sv:8]
WARNING: [Synth 8-6104] Input port 'funct' has an internal driver [C:/Users/labella/Downloads/mips_L_multi-main/sv/controller.sv:21]
INFO: [Synth 8-6155] done synthesizing module 'controller' (3#1) [C:/Users/labella/Downloads/mips_L_multi-main/sv/controller.sv:1]
INFO: [Synth 8-6157] synthesizing module 'datapath' [C:/Users/labella/Downloads/mips_L_multi-main/sv/datapath.sv:20]
INFO: [Synth 8-6157] synthesizing module 'flopenr' [C:/Users/labella/Downloads/mips_L_multi-main/sv/flopenr.sv:9]
	Parameter WIDTH bound to: 32 - type: integer 
INFO: [Synth 8-6155] done synthesizing module 'flopenr' (4#1) [C:/Users/labella/Downloads/mips_L_multi-main/sv/flopenr.sv:9]
INFO: [Synth 8-6157] synthesizing module 'mux2' [C:/Users/labella/Downloads/mips_L_multi-main/sv/mux2.sv:9]
	Parameter WIDTH bound to: 32 - type: integer 
INFO: [Synth 8-6155] done synthesizing module 'mux2' (5#1) [C:/Users/labella/Downloads/mips_L_multi-main/sv/mux2.sv:9]
INFO: [Synth 8-6157] synthesizing module 'flopr' [C:/Users/labella/Downloads/mips_L_multi-main/sv/flopr.sv:9]
	Parameter WIDTH bound to: 32 - type: integer 
INFO: [Synth 8-6155] done synthesizing module 'flopr' (6#1) [C:/Users/labella/Downloads/mips_L_multi-main/sv/flopr.sv:9]
INFO: [Synth 8-6157] synthesizing module 'mux2__parameterized0' [C:/Users/labella/Downloads/mips_L_multi-main/sv/mux2.sv:9]
	Parameter WIDTH bound to: 5 - type: integer 
INFO: [Synth 8-6155] done synthesizing module 'mux2__parameterized0' (6#1) [C:/Users/labella/Downloads/mips_L_multi-main/sv/mux2.sv:9]
INFO: [Synth 8-6157] synthesizing module 'regfile' [C:/Users/labella/Downloads/mips_L_multi-main/sv/regfile.sv:9]
INFO: [Synth 8-6155] done synthesizing module 'regfile' (7#1) [C:/Users/labella/Downloads/mips_L_multi-main/sv/regfile.sv:9]
INFO: [Synth 8-6157] synthesizing module 'signext' [C:/Users/labella/Downloads/mips_L_multi-main/sv/signext.sv:10]
INFO: [Synth 8-6155] done synthesizing module 'signext' (8#1) [C:/Users/labella/Downloads/mips_L_multi-main/sv/signext.sv:10]
INFO: [Synth 8-6157] synthesizing module 'mux4' [C:/Users/labella/Downloads/mips_L_multi-main/sv/mux4.sv:13]
	Parameter WIDTH bound to: 32 - type: integer 
INFO: [Synth 8-226] default block is never used [C:/Users/labella/Downloads/mips_L_multi-main/sv/mux4.sv:20]
INFO: [Synth 8-6155] done synthesizing module 'mux4' (9#1) [C:/Users/labella/Downloads/mips_L_multi-main/sv/mux4.sv:13]
INFO: [Synth 8-6157] synthesizing module 'alu' [C:/Users/labella/Downloads/mips_L_multi-main/sv/alu.sv:9]
INFO: [Synth 8-6155] done synthesizing module 'alu' (10#1) [C:/Users/labella/Downloads/mips_L_multi-main/sv/alu.sv:9]
INFO: [Synth 8-6157] synthesizing module 'mux3' [C:/Users/labella/Downloads/mips_L_multi-main/sv/mux3.sv:13]
	Parameter WIDTH bound to: 32 - type: integer 
INFO: [Synth 8-6155] done synthesizing module 'mux3' (11#1) [C:/Users/labella/Downloads/mips_L_multi-main/sv/mux3.sv:13]
INFO: [Synth 8-6155] done synthesizing module 'datapath' (12#1) [C:/Users/labella/Downloads/mips_L_multi-main/sv/datapath.sv:20]
INFO: [Synth 8-6155] done synthesizing module 'mips_multi' (13#1) [C:/Users/labella/Downloads/mips_L_multi-main/sv/mips_multi.sv:11]
INFO: [Synth 8-6157] synthesizing module 'mem' [C:/Users/labella/Downloads/mips_L_multi-main/sv/mem.sv:12]
INFO: [Synth 8-3876] $readmem data file 'memfile.dat' is read successfully [C:/Users/labella/Downloads/mips_L_multi-main/sv/mem.sv:22]
INFO: [Synth 8-6155] done synthesizing module 'mem' (14#1) [C:/Users/labella/Downloads/mips_L_multi-main/sv/mem.sv:12]
INFO: [Synth 8-6155] done synthesizing module 'mips_multi_top' (15#1) [C:/Users/labella/Downloads/mips_L_multi-main/sv/mips_multi_top.sv:11]
---------------------------------------------------------------------------------
Finished Synthesize : Time (s): cpu = 00:00:06 ; elapsed = 00:00:07 . Memory (MB): peak = 1088.477 ; gain = 0.000
---------------------------------------------------------------------------------
---------------------------------------------------------------------------------
Finished Constraint Validation : Time (s): cpu = 00:00:07 ; elapsed = 00:00:07 . Memory (MB): peak = 1088.477 ; gain = 0.000
---------------------------------------------------------------------------------
---------------------------------------------------------------------------------
Start Loading Part and Timing Information
---------------------------------------------------------------------------------
Loading part: xc7a100tcsg324-1
---------------------------------------------------------------------------------
Finished Loading Part and Timing Information : Time (s): cpu = 00:00:07 ; elapsed = 00:00:07 . Memory (MB): peak = 1088.477 ; gain = 0.000
---------------------------------------------------------------------------------
INFO: [Device 21-403] Loading part xc7a100tcsg324-1
INFO: [Synth 8-802] inferred FSM for state register 'state_reg' in module 'maindec'
WARNING: [Synth 8-327] inferring latch for variable 'FSM_sequential_next_reg' [C:/Users/labella/Downloads/mips_L_multi-main/sv/maindec.sv:66]
WARNING: [Synth 8-327] inferring latch for variable 'FSM_onehot_next_reg' [C:/Users/labella/Downloads/mips_L_multi-main/sv/maindec.sv:66]
---------------------------------------------------------------------------------------------------
                   State |                     New Encoding |                Previous Encoding 
---------------------------------------------------------------------------------------------------
                   FETCH |                     000000000001 |                             0000
                  DECODE |                     000000000010 |                             0001
                     JEX |                     000000000100 |                             1011
                  ADDIEX |                     000000001000 |                             1001
                  ADDIWB |                     000000010000 |                             1010
                   BEQEX |                     000000100000 |                             1000
                 RTYPEEX |                     000001000000 |                             0110
                 RTYPEWB |                     000010000000 |                             0111
                  MEMADR |                     000100000000 |                             0010
                   MEMRD |                     001000000000 |                             0011
                   MEMWB |                     010000000000 |                             0100
                   MEMWR |                     100000000000 |                             0101
---------------------------------------------------------------------------------------------------
INFO: [Synth 8-3354] encoded FSM with state register 'state_reg' using encoding 'one-hot' in module 'maindec'
WARNING: [Synth 8-327] inferring latch for variable 'FSM_onehot_next_reg' [C:/Users/labella/Downloads/mips_L_multi-main/sv/maindec.sv:66]
WARNING: [Synth 8-327] inferring latch for variable 'regdst_reg' [C:/Users/labella/Downloads/mips_L_multi-main/sv/maindec.sv:98]
WARNING: [Synth 8-327] inferring latch for variable 'memtoreg_reg' [C:/Users/labella/Downloads/mips_L_multi-main/sv/maindec.sv:99]
WARNING: [Synth 8-327] inferring latch for variable 'regwrite_reg' [C:/Users/labella/Downloads/mips_L_multi-main/sv/maindec.sv:100]
WARNING: [Synth 8-327] inferring latch for variable 'memwrite_reg' [C:/Users/labella/Downloads/mips_L_multi-main/sv/maindec.sv:107]
WARNING: [Synth 8-327] inferring latch for variable 'branch_reg' [C:/Users/labella/Downloads/mips_L_multi-main/sv/maindec.sv:133]
---------------------------------------------------------------------------------
Finished RTL Optimization Phase 2 : Time (s): cpu = 00:00:07 ; elapsed = 00:00:07 . Memory (MB): peak = 1088.477 ; gain = 0.000
---------------------------------------------------------------------------------
No constraint files found.
---------------------------------------------------------------------------------
Start RTL Component Statistics 
---------------------------------------------------------------------------------
Detailed RTL Component Info : 
+---Adders : 
	   3 Input   32 Bit       Adders := 1     
+---Registers : 
	               32 Bit    Registers := 6     
+---Muxes : 
	   2 Input   32 Bit        Muxes := 5     
	   4 Input   32 Bit        Muxes := 2     
	   8 Input   32 Bit        Muxes := 1     
	  12 Input   12 Bit        Muxes := 1     
	   5 Input   12 Bit        Muxes := 1     
	   2 Input   12 Bit        Muxes := 1     
	   2 Input    5 Bit        Muxes := 1     
	  12 Input    4 Bit        Muxes := 1     
	   9 Input    3 Bit        Muxes := 1     
	  12 Input    2 Bit        Muxes := 1     
	   2 Input    1 Bit        Muxes := 7     
	   5 Input    1 Bit        Muxes := 1     
	   3 Input    1 Bit        Muxes := 1     
	  12 Input    1 Bit        Muxes := 6     
---------------------------------------------------------------------------------
Finished RTL Component Statistics 
---------------------------------------------------------------------------------
---------------------------------------------------------------------------------
Start Part Resource Summary
---------------------------------------------------------------------------------
Part Resources:
DSPs: 240 (col length:80)
BRAMs: 270 (col length: RAMB18 80 RAMB36 40)
---------------------------------------------------------------------------------
Finished Part Resource Summary
---------------------------------------------------------------------------------
No constraint files found.
---------------------------------------------------------------------------------
Start Cross Boundary and Area Optimization
---------------------------------------------------------------------------------
---------------------------------------------------------------------------------
Finished Cross Boundary and Area Optimization : Time (s): cpu = 00:00:14 ; elapsed = 00:00:15 . Memory (MB): peak = 1137.703 ; gain = 49.227
---------------------------------------------------------------------------------
---------------------------------------------------------------------------------
Start ROM, RAM, DSP, Shift Register and Retiming Reporting
---------------------------------------------------------------------------------

Distributed RAM: Preliminary Mapping	Report (see note below)
+---------------+------------------------------+-----------+----------------------+----------------+
|Module Name    | RTL Object                   | Inference | Size (Depth x Width) | Primitives     | 
+---------------+------------------------------+-----------+----------------------+----------------+
|mips_multi_top | U_MIPS/U_DP/U_REGFILE/rf_reg | Implied   | 32 x 32              | RAM32M x 12	   | 
|mips_multi_top | U_MEM/RAM_reg                | Implied   | 64 x 32              | RAM64X1S x 32	 | 
+---------------+------------------------------+-----------+----------------------+----------------+

Note: The table above is a preliminary report that shows the Distributed RAMs at the current stage of the synthesis flow. Some Distributed RAMs may be reimplemented as non Distributed RAM primitives later in the synthesis flow. Multiple instantiated RAMs are reported only once.
---------------------------------------------------------------------------------
Finished ROM, RAM, DSP, Shift Register and Retiming Reporting
---------------------------------------------------------------------------------
No constraint files found.
---------------------------------------------------------------------------------
Start Timing Optimization
---------------------------------------------------------------------------------
---------------------------------------------------------------------------------
Finished Timing Optimization : Time (s): cpu = 00:00:14 ; elapsed = 00:00:16 . Memory (MB): peak = 1138.590 ; gain = 50.113
---------------------------------------------------------------------------------
---------------------------------------------------------------------------------
Start ROM, RAM, DSP, Shift Register and Retiming Reporting
---------------------------------------------------------------------------------

Distributed RAM: Final Mapping	Report
+---------------+------------------------------+-----------+----------------------+----------------+
|Module Name    | RTL Object                   | Inference | Size (Depth x Width) | Primitives     | 
+---------------+------------------------------+-----------+----------------------+----------------+
|mips_multi_top | U_MIPS/U_DP/U_REGFILE/rf_reg | Implied   | 32 x 32              | RAM32M x 12	   | 
|mips_multi_top | U_MEM/RAM_reg                | Implied   | 64 x 32              | RAM64X1S x 32	 | 
+---------------+------------------------------+-----------+----------------------+----------------+

---------------------------------------------------------------------------------
Finished ROM, RAM, DSP, Shift Register and Retiming Reporting
---------------------------------------------------------------------------------
---------------------------------------------------------------------------------
Start Technology Mapping
---------------------------------------------------------------------------------
---------------------------------------------------------------------------------
Finished Technology Mapping : Time (s): cpu = 00:00:15 ; elapsed = 00:00:16 . Memory (MB): peak = 1138.723 ; gain = 50.246
---------------------------------------------------------------------------------
---------------------------------------------------------------------------------
Start IO Insertion
---------------------------------------------------------------------------------
---------------------------------------------------------------------------------
Start Flattening Before IO Insertion
---------------------------------------------------------------------------------
---------------------------------------------------------------------------------
Finished Flattening Before IO Insertion
---------------------------------------------------------------------------------
---------------------------------------------------------------------------------
Start Final Netlist Cleanup
---------------------------------------------------------------------------------
---------------------------------------------------------------------------------
Finished Final Netlist Cleanup
---------------------------------------------------------------------------------
---------------------------------------------------------------------------------
Finished IO Insertion : Time (s): cpu = 00:00:19 ; elapsed = 00:00:20 . Memory (MB): peak = 1138.723 ; gain = 50.246
---------------------------------------------------------------------------------
---------------------------------------------------------------------------------
Start Renaming Generated Instances
---------------------------------------------------------------------------------
---------------------------------------------------------------------------------
Finished Renaming Generated Instances : Time (s): cpu = 00:00:19 ; elapsed = 00:00:20 . Memory (MB): peak = 1138.723 ; gain = 50.246
---------------------------------------------------------------------------------
---------------------------------------------------------------------------------
Start Rebuilding User Hierarchy
---------------------------------------------------------------------------------
---------------------------------------------------------------------------------
Finished Rebuilding User Hierarchy : Time (s): cpu = 00:00:19 ; elapsed = 00:00:20 . Memory (MB): peak = 1138.723 ; gain = 50.246
---------------------------------------------------------------------------------
---------------------------------------------------------------------------------
Start Renaming Generated Ports
---------------------------------------------------------------------------------
---------------------------------------------------------------------------------
Finished Renaming Generated Ports : Time (s): cpu = 00:00:19 ; elapsed = 00:00:20 . Memory (MB): peak = 1138.723 ; gain = 50.246
---------------------------------------------------------------------------------
---------------------------------------------------------------------------------
Start Handling Custom Attributes
---------------------------------------------------------------------------------
---------------------------------------------------------------------------------
Finished Handling Custom Attributes : Time (s): cpu = 00:00:19 ; elapsed = 00:00:20 . Memory (MB): peak = 1138.723 ; gain = 50.246
---------------------------------------------------------------------------------
---------------------------------------------------------------------------------
Start Renaming Generated Nets
---------------------------------------------------------------------------------
---------------------------------------------------------------------------------
Finished Renaming Generated Nets : Time (s): cpu = 00:00:19 ; elapsed = 00:00:20 . Memory (MB): peak = 1138.723 ; gain = 50.246
---------------------------------------------------------------------------------
---------------------------------------------------------------------------------
Start Writing Synthesis Report
---------------------------------------------------------------------------------

Report BlackBoxes: 
+-+--------------+----------+
| |BlackBox name |Instances |
+-+--------------+----------+
+-+--------------+----------+

Report Cell Usage: 
+------+---------+------+
|      |Cell     |Count |
+------+---------+------+
|1     |BUFG     |     1|
|2     |CARRY4   |    12|
|3     |LUT2     |     3|
|4     |LUT3     |    43|
|5     |LUT4     |    47|
|6     |LUT5     |    63|
|7     |LUT6     |   213|
|8     |RAM32M   |    12|
|9     |RAM64X1S |    32|
|10    |FDRE     |   203|
|11    |FDSE     |     1|
|12    |LD       |    14|
|13    |IBUF     |     2|
|14    |OBUF     |    65|
+------+---------+------+

Report Instance Areas: 
+------+----------------+-----------+------+
|      |Instance        |Module     |Cells |
+------+----------------+-----------+------+
|1     |top             |           |   711|
|2     |  U_MEM         |mem        |    32|
|3     |  U_MIPS        |mips_multi |   611|
|4     |    U_CTL       |controller |   162|
|5     |      U_MAINDEC |maindec    |   162|
|6     |    U_DP        |datapath   |   449|
|7     |      U_A_REG   |flopr      |    32|
|8     |      U_B_REG   |flopr_0    |    32|
|9     |      U_ALU     |alu        |    12|
|10    |      U_ALU_REG |flopenr    |    66|
|11    |      U_IR_REG  |flopenr_1  |   199|
|12    |      U_MDR_REG |flopr_2    |    64|
|13    |      U_PC_REG  |flopenr_3  |    32|
|14    |      U_REGFILE |regfile    |    12|
+------+----------------+-----------+------+
---------------------------------------------------------------------------------
Finished Writing Synthesis Report : Time (s): cpu = 00:00:19 ; elapsed = 00:00:20 . Memory (MB): peak = 1138.723 ; gain = 50.246
---------------------------------------------------------------------------------
Synthesis finished with 0 errors, 0 critical warnings and 9 warnings.
Synthesis Optimization Runtime : Time (s): cpu = 00:00:19 ; elapsed = 00:00:20 . Memory (MB): peak = 1138.723 ; gain = 50.246
Synthesis Optimization Complete : Time (s): cpu = 00:00:19 ; elapsed = 00:00:20 . Memory (MB): peak = 1138.723 ; gain = 50.246
INFO: [Project 1-571] Translating synthesized netlist
Netlist sorting complete. Time (s): cpu = 00:00:00 ; elapsed = 00:00:00.028 . Memory (MB): peak = 1150.770 ; gain = 0.000
INFO: [Netlist 29-17] Analyzing 70 Unisim elements for replacement
INFO: [Netlist 29-28] Unisim Transformation completed in 0 CPU seconds
INFO: [Project 1-570] Preparing netlist for logic optimization
INFO: [Opt 31-138] Pushed 0 inverter(s) to 0 load pin(s).
Netlist sorting complete. Time (s): cpu = 00:00:00 ; elapsed = 00:00:00 . Memory (MB): peak = 1216.055 ; gain = 0.000
INFO: [Project 1-111] Unisim Transformation Summary:
  A total of 58 instances were transformed.
  LD => LDCE: 14 instances
  RAM32M => RAM32M (RAMD32(x6), RAMS32(x2)): 12 instances
  RAM64X1S => RAM64X1S (RAMS64E): 32 instances

INFO: [Common 17-83] Releasing license: Synthesis
48 Infos, 9 Warnings, 0 Critical Warnings and 0 Errors encountered.
synth_design completed successfully
synth_design: Time (s): cpu = 00:00:24 ; elapsed = 00:00:27 . Memory (MB): peak = 1216.055 ; gain = 127.578
INFO: [Common 17-1381] The checkpoint 'C:/Users/labella/Documents/ece212_labell_borek/lab09.2/lab09.2/lab09.2.runs/synth_1/mips_multi_top.dcp' has been generated.
INFO: [runtcl-4] Executing : report_utilization -file mips_multi_top_utilization_synth.rpt -pb mips_multi_top_utilization_synth.pb
INFO: [Common 17-206] Exiting Vivado at Tue Apr 12 15:42:15 2022...
